


ARM Macro Assembler    Page 1 


    1 00000000         ;*******************************************************
                       *******
    2 00000000         ; takes value from R1 and converts it onto voltage
    3 00000000         ; R5 contains address of where to store the data
    4 00000000         
    5 00000000 0000014A 
                       REF_VOLT
                               EQU              0x14A
    6 00000000 00000FFF 
                       ADC_MAX_HEX
                               EQU              0xFFF
    7 00000000         
    8 00000000         ;Label   Directive  Value     Comment
    9 00000000                 AREA             routines,CODE,READONLY,ALIGN=2
   10 00000000                 THUMB
   11 00000000                 EXPORT           CONVRT_HEX_TO_VOLT
   12 00000000         
   13 00000000 B5FF    CONVRT_HEX_TO_VOLT
                               PUSH             {R0-R7,LR}  ;Save the current s
                                                            tatus to memory
   14 00000002         
   15 00000002 F04F 0200       MOV              R2, #0      ; Keeps the convert
                                                            ed BCD digit 
   16 00000006         
   17 00000006 F44F 70A5       LDR              R0, =REF_VOLT ; Convert to a nu
                                                            mber between 0 an 3
                                                            30 hex eq
   18 0000000A FB01 F100       MUL              R1, R0      ;
   19 0000000E F640 70FF       LDR              R0, =ADC_MAX_HEX ;
   20 00000012 FBB1 F1F0       UDIV             R1, R0      ;
   21 00000016         
   22 00000016 F04F 0064       MOV              R0, #100    ; Used to convert b
                                                            ases
   23 0000001A 1A09    FIR_AGAIN
                               SUBS             R1,R0       ;
   24 0000001C DB02            BLT              STORE_FIR   ; 
   25 0000001E F102 0201       ADD              R2,#1       ;
   26 00000022 E7FA            B                FIR_AGAIN   ;
   27 00000024         
   28 00000024 F102 0230 
                       STORE_FIR
                               ADD              R2, #48     ;
   29 00000028 F805 2B01       STRB             R2,[R5],#1  ;Post index
   30 0000002C 4401            ADD              R1,R0       ;
   31 0000002E         
   32 0000002E F04F 022E 
                       STR_DOT MOV              R2,#46      ;AASCII FOR DOT   
   33 00000032 F805 2B01       STRB             R2,[R5],#1  ;Post index
   34 00000036         
   35 00000036         
   36 00000036 F04F 0200       MOV              R2,  #0     ; Keeps the convert
                                                            ed BCD digit
   37 0000003A F04F 000A       MOV              R0, #10     ; Used to convert b
                                                            ases
   38 0000003E 1A09    SEC_AGAIN
                               SUBS             R1,R0       ;
   39 00000040 DB02            BLT              STORE_SEC   ; 
   40 00000042 F102 0201       ADD              R2,#1       ;
   41 00000046 E7FA            B                SEC_AGAIN   ;



ARM Macro Assembler    Page 2 


   42 00000048         
   43 00000048 F102 0230 
                       STORE_SEC
                               ADD              R2, #48     ;Does not really ne
                                                            ed to be repeated
   44 0000004C F805 2B01       STRB             R2,[R5],#1  ;Post index
   45 00000050 4401            ADD              R1,R0       ;
   46 00000052         
   47 00000052 F04F 0200       MOV              R2,  #0     ; Keeps the convert
                                                            ed BCD digit
   48 00000056 F04F 0001       MOV              R0, #1      ; Used to convert b
                                                            ases
   49 0000005A 1A09    THD_AGAIN
                               SUBS             R1,R0       ;
   50 0000005C DB02            BLT              STORE_THD   ; 
   51 0000005E F102 0201       ADD              R2,#1       ;
   52 00000062 E7FA            B                THD_AGAIN   ;
   53 00000064         
   54 00000064 F102 0230 
                       STORE_THD
                               ADD              R2, #48     ;Does not really ne
                                                            ed to be repeated
   55 00000068 F805 2B01       STRB             R2,[R5],#1  ;Post index
   56 0000006C         
   57 0000006C         
   58 0000006C F04F 0204       MOV              R2,#0x04    ;
   59 00000070 702A            STRB             R2,[R5]     ; 
   60 00000072 E8BD 40FF       POP              {R0-R7,LR}  ;Reset the register
                                                            s to the original v
                                                            alues
   61 00000076 4770            BX               LR
   62 00000078         
   63 00000078         
   64 00000078                 ALIGN
   65 00000078                 END
Command Line: --debug --xref --diag_suppress=9931 --cpu=Cortex-M4.fp --apcs=int
erwork --depend=.\objects\convrt_hex_to_volt.d -o.\objects\convrt_hex_to_volt.o
 -I.\RTE\_Target_1 -ID:\Keil_v5\ARM\PACK\Keil\TM4C_DFP\1.1.0\Device\Include\TM4
C123 -ID:\Keil_v5\ARM\CMSIS\Include --predefine="__EVAL SETA 1" --predefine="__
UVISION_VERSION SETA 524" --predefine="TM4C1231H6PM SETA 1" --list=.\listings\c
onvrt_hex_to_volt.lst CONVRT_HEX_TO_VOLT.s



ARM Macro Assembler    Page 1 Alphabetic symbol ordering
Relocatable symbols

CONVRT_HEX_TO_VOLT 00000000

Symbol: CONVRT_HEX_TO_VOLT
   Definitions
      At line 13 in file CONVRT_HEX_TO_VOLT.s
   Uses
      At line 11 in file CONVRT_HEX_TO_VOLT.s
Comment: CONVRT_HEX_TO_VOLT used once
FIR_AGAIN 0000001A

Symbol: FIR_AGAIN
   Definitions
      At line 23 in file CONVRT_HEX_TO_VOLT.s
   Uses
      At line 26 in file CONVRT_HEX_TO_VOLT.s
Comment: FIR_AGAIN used once
SEC_AGAIN 0000003E

Symbol: SEC_AGAIN
   Definitions
      At line 38 in file CONVRT_HEX_TO_VOLT.s
   Uses
      At line 41 in file CONVRT_HEX_TO_VOLT.s
Comment: SEC_AGAIN used once
STORE_FIR 00000024

Symbol: STORE_FIR
   Definitions
      At line 28 in file CONVRT_HEX_TO_VOLT.s
   Uses
      At line 24 in file CONVRT_HEX_TO_VOLT.s
Comment: STORE_FIR used once
STORE_SEC 00000048

Symbol: STORE_SEC
   Definitions
      At line 43 in file CONVRT_HEX_TO_VOLT.s
   Uses
      At line 39 in file CONVRT_HEX_TO_VOLT.s
Comment: STORE_SEC used once
STORE_THD 00000064

Symbol: STORE_THD
   Definitions
      At line 54 in file CONVRT_HEX_TO_VOLT.s
   Uses
      At line 50 in file CONVRT_HEX_TO_VOLT.s
Comment: STORE_THD used once
STR_DOT 0000002E

Symbol: STR_DOT
   Definitions
      At line 32 in file CONVRT_HEX_TO_VOLT.s
   Uses
      None
Comment: STR_DOT unused
THD_AGAIN 0000005A

Symbol: THD_AGAIN



ARM Macro Assembler    Page 2 Alphabetic symbol ordering
Relocatable symbols

   Definitions
      At line 49 in file CONVRT_HEX_TO_VOLT.s
   Uses
      At line 52 in file CONVRT_HEX_TO_VOLT.s
Comment: THD_AGAIN used once
routines 00000000

Symbol: routines
   Definitions
      At line 9 in file CONVRT_HEX_TO_VOLT.s
   Uses
      None
Comment: routines unused
9 symbols



ARM Macro Assembler    Page 1 Alphabetic symbol ordering
Absolute symbols

ADC_MAX_HEX 00000FFF

Symbol: ADC_MAX_HEX
   Definitions
      At line 6 in file CONVRT_HEX_TO_VOLT.s
   Uses
      At line 19 in file CONVRT_HEX_TO_VOLT.s
Comment: ADC_MAX_HEX used once
REF_VOLT 0000014A

Symbol: REF_VOLT
   Definitions
      At line 5 in file CONVRT_HEX_TO_VOLT.s
   Uses
      At line 17 in file CONVRT_HEX_TO_VOLT.s
Comment: REF_VOLT used once
2 symbols
345 symbols in table
