


ARM Macro Assembler    Page 1 


    1 00000000         ; ADC Registers
    2 00000000 400FE638 
                       RCGCADC EQU              0x400FE638  ; ADC clock registe
                                                            r
    3 00000000         
    4 00000000         ; ADC0 base address EQU 0x40038000
    5 00000000 40038000 
                       ADC0_ACTSS
                               EQU              0x40038000  ; Sample sequencer 
                                                            (ADC0 base address)
                                                            
    6 00000000 40038004 
                       ADC0_RIS
                               EQU              0x40038004  ; Interrupt status
    7 00000000 40038008 
                       ADC0_IM EQU              0x40038008  ; Interrupt select
    8 00000000 40038034 
                       ADC0_ISC
                               EQU              0x40038034  ; Interrupt status 
                                                            and clear
    9 00000000 40038014 
                       ADC0_EMUX
                               EQU              0x40038014  ; Trigger select
   10 00000000 40038028 
                       ADC0_PSSI
                               EQU              0x40038028  ; Initiate sample
   11 00000000 400380A0 
                       ADC0_SSMUX3
                               EQU              0x400380A0  ; Input channel sel
                                                            ect
   12 00000000 400380A4 
                       ADC0_SSCTL3
                               EQU              0x400380A4  ; Sample sequence c
                                                            ontrol
   13 00000000 400380A8 
                       ADC0_SSFIFO3
                               EQU              0x400380A8  ; Channel 3 results
                                                            
   14 00000000 40038FC4 
                       ADC0_PP EQU              0x40038FC4  ; Sample rate
   15 00000000         
   16 00000000         ; GPIO Registers
   17 00000000 400FE608 
                       RCGCGPIO
                               EQU              0x400FE608  ; GPIO clock regist
                                                            er
   18 00000000         ; PORT E base address EQU 0x40024000
   19 00000000 4002451C 
                       PORTE_DEN
                               EQU              0x4002451C  ; Digital Enable
   20 00000000 4002452C 
                       PORTE_PCTL
                               EQU              0x4002452C  ; Alternative funct
                                                            ion configuration
   21 00000000 40024420 
                       PORTE_AFSEL
                               EQU              0x40024420  ; Alternate functio
                                                            n select
   22 00000000 40024528 



ARM Macro Assembler    Page 2 


                       PORTE_AMSEL
                               EQU              0x40024528  ; Enable analog 
   23 00000000         
   24 00000000         
   25 00000000         ;label   directive   value   comment
   26 00000000                 AREA             InitializeRoutine,CODE,READONLY
   27 00000000                 THUMB
   28 00000000                 EXPORT           initialize
   29 00000000         
   30 00000000         initialize
                               PROC
   31 00000000         
   32 00000000 B503            PUSH{LR,R1,R0}
   33 00000002         
   34 00000002         ; Start clocks for features to be used
   35 00000002 4921            LDR              R1, =RCGCADC 
                                                            ; Turn on ADC clock
                                                            
   36 00000004 6808            LDR              R0, [R1]
   37 00000006 F040 0001       ORR              R0, R0, #0x01 ; set bit 0 to en
                                                            able ADC0 clock
   38 0000000A 6008            STR              R0, [R1]
   39 0000000C BF00            NOP
   40 0000000E BF00            NOP
   41 00000010 BF00            NOP                          ; Let clock stabili
                                                            ze
   42 00000012 491E            LDR              R1, =RCGCGPIO ; Turn on GPIO cl
                                                            ock
   43 00000014 6808            LDR              R0, [R1]
   44 00000016 F040 0010       ORR              R0, R0, #0x10 ; set bit 4 to en
                                                            able port E clock
   45 0000001A 6008            STR              R0, [R1]
   46 0000001C BF00            NOP
   47 0000001E BF00            NOP
   48 00000020 BF00            NOP                          ; Let clock stabili
                                                            ze
   49 00000022         
   50 00000022         ; Setup GPIO to make PE3 input for ADC0
   51 00000022         ; Enable alternate functions
   52 00000022 491B            LDR              R1, =PORTE_AFSEL
   53 00000024 6808            LDR              R0, [R1]
   54 00000026 F040 0008       ORR              R0, R0, #0x08 ; set bit 3 to en
                                                            able alt functions 
                                                            on PE3
   55 0000002A 6008            STR              R0, [R1]
   56 0000002C         ; PCTL does not have to be configured
   57 0000002C         ; since ADC0 is automatically selected when
   58 0000002C         ; port pin is set to analog.
   59 0000002C         ; Disable digital on PE3
   60 0000002C         
   61 0000002C 4919            LDR              R1, =PORTE_DEN
   62 0000002E 6808            LDR              R0, [R1]
   63 00000030 F020 0008       BIC              R0, R0, #0x08 ; clear bit 3 to 
                                                            disable analog on P
                                                            E3
   64 00000034 6008            STR              R0, [R1]
   65 00000036         ; Enable analog on PE3
   66 00000036 4918            LDR              R1, =PORTE_AMSEL
   67 00000038 6808            LDR              R0, [R1]



ARM Macro Assembler    Page 3 


   68 0000003A F040 0008       ORR              R0, R0, #0x08 ; set bit 3 to en
                                                            able analog on PE3
   69 0000003E 6008            STR              R0, [R1]
   70 00000040         ; Disable sequencer while ADC setup
   71 00000040 4916            LDR              R1, =ADC0_ACTSS
   72 00000042 6808            LDR              R0, [R1]
   73 00000044 F020 0008       BIC              R0, R0, #0x08 ; clear bit 3 to 
                                                            disable seq 3
   74 00000048 6008            STR              R0, [R1]
   75 0000004A         ; Select trigger source
   76 0000004A 4915            LDR              R1, =ADC0_EMUX
   77 0000004C 6808            LDR              R0, [R1]
   78 0000004E F420 4070       BIC              R0, R0, #0xF000 ; clear bits 15
                                                            :12 to select SOFTW
                                                            ARE trigger
   79 00000052         ;    ORR R0, #0x6000     ; PWM 0 Trigger Selected (TESTI
                       NG CHANGED TO SOFTWARE)
   80 00000052 6008            STR              R0, [R1]
   81 00000054         
   82 00000054         ; Select input channel
   83 00000054 4913            LDR              R1, =ADC0_SSMUX3
   84 00000056 6808            LDR              R0, [R1]
   85 00000058 F020 000F       BIC              R0, R0, #0x000F ; clear bits 3:
                                                            0 to select AIN0
   86 0000005C 6008            STR              R0, [R1]
   87 0000005E         ; Config sample sequence
   88 0000005E 4912            LDR              R1, =ADC0_SSCTL3
   89 00000060 6808            LDR              R0, [R1]
   90 00000062 F040 0006       ORR              R0, R0, #0x06 ; set bit 1 (END0
                                                            ) ?EN
   91 00000066 6008            STR              R0, [R1]
   92 00000068         ; Set sample rate
   93 00000068 4910            LDR              R1, =ADC0_PP
   94 0000006A 6808            LDR              R0, [R1]
   95 0000006C F020 000F       BIC              R0, #0x0F   ; 
   96 00000070 F040 0001       ORR              R0, R0, #0x01 ; set bits 3:0 to
                                                             1 for 125k sps
   97 00000074 6008            STR              R0, [R1]
   98 00000076         ; Done with setup, enable sequencer
   99 00000076 4909            LDR              R1, =ADC0_ACTSS
  100 00000078 6808            LDR              R0, [R1]
  101 0000007A F040 0008       ORR              R0, R0, #0x08 ; set bit 3 to en
                                                            able seq 3
  102 0000007E 6008            STR              R0, [R1]    ; sampling enabled 
                                                            but not initiated y
                                                            et
  103 00000080         
  104 00000080 E8BD 4003       POP{LR,R1,R0}
  105 00000084 4770            BX               LR
  106 00000086                 ENDP
  107 00000086         
  108 00000086 00 00           ALIGN
  109 00000088                 END
              400FE638 
              400FE608 
              40024420 
              4002451C 
              40024528 
              40038000 



ARM Macro Assembler    Page 4 


              40038014 
              400380A0 
              400380A4 
              40038FC4 
Command Line: --debug --xref --diag_suppress=9931 --cpu=Cortex-M4.fp --apcs=int
erwork --depend=.\objects\portinitialize.d -o.\objects\portinitialize.o -I.\RTE
\_Target_1 -IC:\Keil_v5\ARM\PACK\Keil\TM4C_DFP\1.1.0\Device\Include\TM4C123 -IC
:\Keil_v5\ARM\CMSIS\Include --predefine="__EVAL SETA 1" --predefine="__UVISION_
VERSION SETA 524" --predefine="TM4C1231H6PM SETA 1" --list=.\listings\portiniti
alize.lst codes\portInitialize.s



ARM Macro Assembler    Page 1 Alphabetic symbol ordering
Relocatable symbols

InitializeRoutine 00000000

Symbol: InitializeRoutine
   Definitions
      At line 26 in file codes\portInitialize.s
   Uses
      None
Comment: InitializeRoutine unused
initialize 00000000

Symbol: initialize
   Definitions
      At line 30 in file codes\portInitialize.s
   Uses
      At line 28 in file codes\portInitialize.s
Comment: initialize used once
2 symbols



ARM Macro Assembler    Page 1 Alphabetic symbol ordering
Absolute symbols

ADC0_ACTSS 40038000

Symbol: ADC0_ACTSS
   Definitions
      At line 5 in file codes\portInitialize.s
   Uses
      At line 71 in file codes\portInitialize.s
      At line 99 in file codes\portInitialize.s

ADC0_EMUX 40038014

Symbol: ADC0_EMUX
   Definitions
      At line 9 in file codes\portInitialize.s
   Uses
      At line 76 in file codes\portInitialize.s
Comment: ADC0_EMUX used once
ADC0_IM 40038008

Symbol: ADC0_IM
   Definitions
      At line 7 in file codes\portInitialize.s
   Uses
      None
Comment: ADC0_IM unused
ADC0_ISC 40038034

Symbol: ADC0_ISC
   Definitions
      At line 8 in file codes\portInitialize.s
   Uses
      None
Comment: ADC0_ISC unused
ADC0_PP 40038FC4

Symbol: ADC0_PP
   Definitions
      At line 14 in file codes\portInitialize.s
   Uses
      At line 93 in file codes\portInitialize.s
Comment: ADC0_PP used once
ADC0_PSSI 40038028

Symbol: ADC0_PSSI
   Definitions
      At line 10 in file codes\portInitialize.s
   Uses
      None
Comment: ADC0_PSSI unused
ADC0_RIS 40038004

Symbol: ADC0_RIS
   Definitions
      At line 6 in file codes\portInitialize.s
   Uses
      None
Comment: ADC0_RIS unused
ADC0_SSCTL3 400380A4




ARM Macro Assembler    Page 2 Alphabetic symbol ordering
Absolute symbols

Symbol: ADC0_SSCTL3
   Definitions
      At line 12 in file codes\portInitialize.s
   Uses
      At line 88 in file codes\portInitialize.s
Comment: ADC0_SSCTL3 used once
ADC0_SSFIFO3 400380A8

Symbol: ADC0_SSFIFO3
   Definitions
      At line 13 in file codes\portInitialize.s
   Uses
      None
Comment: ADC0_SSFIFO3 unused
ADC0_SSMUX3 400380A0

Symbol: ADC0_SSMUX3
   Definitions
      At line 11 in file codes\portInitialize.s
   Uses
      At line 83 in file codes\portInitialize.s
Comment: ADC0_SSMUX3 used once
PORTE_AFSEL 40024420

Symbol: PORTE_AFSEL
   Definitions
      At line 21 in file codes\portInitialize.s
   Uses
      At line 52 in file codes\portInitialize.s
Comment: PORTE_AFSEL used once
PORTE_AMSEL 40024528

Symbol: PORTE_AMSEL
   Definitions
      At line 22 in file codes\portInitialize.s
   Uses
      At line 66 in file codes\portInitialize.s
Comment: PORTE_AMSEL used once
PORTE_DEN 4002451C

Symbol: PORTE_DEN
   Definitions
      At line 19 in file codes\portInitialize.s
   Uses
      At line 61 in file codes\portInitialize.s
Comment: PORTE_DEN used once
PORTE_PCTL 4002452C

Symbol: PORTE_PCTL
   Definitions
      At line 20 in file codes\portInitialize.s
   Uses
      None
Comment: PORTE_PCTL unused
RCGCADC 400FE638

Symbol: RCGCADC
   Definitions
      At line 2 in file codes\portInitialize.s



ARM Macro Assembler    Page 3 Alphabetic symbol ordering
Absolute symbols

   Uses
      At line 35 in file codes\portInitialize.s
Comment: RCGCADC used once
RCGCGPIO 400FE608

Symbol: RCGCGPIO
   Definitions
      At line 17 in file codes\portInitialize.s
   Uses
      At line 42 in file codes\portInitialize.s
Comment: RCGCGPIO used once
16 symbols
354 symbols in table
