


ARM Macro Assembler    Page 1 


    1 00000000 400FE100 
                       RCGC0   EQU              0x400FE100  ;
    2 00000000 400FE060 
                       RCC     EQU              0x400FE060  ;
    3 00000000 40082000 
                       PWM0CTL EQU              0x40082000  ; 
    4 00000000 40082050 
                       PWM0LOAD
                               EQU              0x40082050  ; 
    5 00000000 40082008 
                       PWMENABLE
                               EQU              0x40082008  ; 
    6 00000000 40082044 
                       PWM0INTEN
                               EQU              0x40082044  ; 
    7 00000000         
    8 00000000         ;label   directive   value   comment
    9 00000000                 AREA             pwmInitializeRoutine,CODE,READO
NLY
   10 00000000                 THUMB
   11 00000000                 EXPORT           pwmInit
   12 00000000         
   13 00000000         pwmInit PROC
   14 00000000         
   15 00000000 B503            PUSH{LR,R1,R0}
   16 00000002         
   17 00000002 4911            LDR              R1, =RCGC0  ; Enable the PWM mo
                                                            dule
   18 00000004 6808            LDR              R0, [R1]
   19 00000006 F440 1080       ORR              R0, R0, #0x00100000 ; set bit 0
                                                             to enable ADC0 clo
                                                            ck
   20 0000000A 6008            STR              R0, [R1]
   21 0000000C         
   22 0000000C 490F            LDR              R1, =RCC    ; Set the PWM Clock
                                                             divider to 2
   23 0000000E 6808            LDR              R0, [R1]    ;
   24 00000010 F420 10F0       BIC              R0,     #0x001E0000 ;
   25 00000014 F440 1080       ORR              R0, R0, #0x00100000 ;
   26 00000018 6008            STR              R0, [R1]    ;
   27 0000001A         
   28 0000001A 490D            LDR              R1, =PWM0CTL ; Set the PWM cont
                                                            rol
   29 0000001C F04F 0000       MOV              R0, #0
   30 00000020 6008            STR              R0, [R1]
   31 00000022         
   32 00000022 490C            LDR              R1, =PWM0LOAD ; Set the PWM con
                                                            trol (10MHZ CLOCK)
   33 00000024 F240 40E2       MOV              R0, #1250   ; Corresponds to 8K
                                                            hz
   34 00000028 6008            STR              R0, [R1]
   35 0000002A         
   36 0000002A 490B            LDR              R1, =PWM0INTEN ; Enable Trigger
                                                             to ADC (INT NOT EN
                                                            ABLED)
   37 0000002C F44F 7080       MOV              R0, #0x0100 ;  
   38 00000030 6008            STR              R0, [R1]
   39 00000032         
   40 00000032 4907            LDR              R1, =PWM0CTL 



ARM Macro Assembler    Page 2 


                                                            ; Enable PWM Timers
                                                            
   41 00000034 F04F 0001       MOV              R0, #0x01
   42 00000038 6008            STR              R0, [R1]
   43 0000003A         
   44 0000003A 4908            LDR              R1, =PWMENABLE ; Enable PWM Out
                                                            puts (Not sure if w
                                                            e need this)
   45 0000003C F04F 0003       MOV              R0, #0x03   ;
   46 00000040 6008            STR              R0, [R1]
   47 00000042         
   48 00000042         ;Set ADC Trigger
   49 00000042         
   50 00000042 E8BD 4003       POP{LR,R1,R0}
   51 00000046 4770            BX               LR
   52 00000048                 ENDP
   53 00000048         
   54 00000048                 ALIGN
   55 00000048                 END
              400FE100 
              400FE060 
              40082000 
              40082050 
              40082044 
              40082008 
Command Line: --debug --xref --diag_suppress=9931 --cpu=Cortex-M4.fp --apcs=int
erwork --depend=.\objects\pwminit.d -o.\objects\pwminit.o -I.\RTE\_Target_1 -IC
:\Keil_v5\ARM\PACK\Keil\TM4C_DFP\1.1.0\Device\Include\TM4C123 -IC:\Keil_v5\ARM\
CMSIS\Include --predefine="__EVAL SETA 1" --predefine="__UVISION_VERSION SETA 5
24" --predefine="TM4C1231H6PM SETA 1" --list=.\listings\pwminit.lst codes\pwmIn
it.s



ARM Macro Assembler    Page 1 Alphabetic symbol ordering
Relocatable symbols

pwmInit 00000000

Symbol: pwmInit
   Definitions
      At line 13 in file codes\pwmInit.s
   Uses
      At line 11 in file codes\pwmInit.s
Comment: pwmInit used once
pwmInitializeRoutine 00000000

Symbol: pwmInitializeRoutine
   Definitions
      At line 9 in file codes\pwmInit.s
   Uses
      None
Comment: pwmInitializeRoutine unused
2 symbols



ARM Macro Assembler    Page 1 Alphabetic symbol ordering
Absolute symbols

PWM0CTL 40082000

Symbol: PWM0CTL
   Definitions
      At line 3 in file codes\pwmInit.s
   Uses
      At line 28 in file codes\pwmInit.s
      At line 40 in file codes\pwmInit.s

PWM0INTEN 40082044

Symbol: PWM0INTEN
   Definitions
      At line 6 in file codes\pwmInit.s
   Uses
      At line 36 in file codes\pwmInit.s
Comment: PWM0INTEN used once
PWM0LOAD 40082050

Symbol: PWM0LOAD
   Definitions
      At line 4 in file codes\pwmInit.s
   Uses
      At line 32 in file codes\pwmInit.s
Comment: PWM0LOAD used once
PWMENABLE 40082008

Symbol: PWMENABLE
   Definitions
      At line 5 in file codes\pwmInit.s
   Uses
      At line 44 in file codes\pwmInit.s
Comment: PWMENABLE used once
RCC 400FE060

Symbol: RCC
   Definitions
      At line 2 in file codes\pwmInit.s
   Uses
      At line 22 in file codes\pwmInit.s
Comment: RCC used once
RCGC0 400FE100

Symbol: RCGC0
   Definitions
      At line 1 in file codes\pwmInit.s
   Uses
      At line 17 in file codes\pwmInit.s
Comment: RCGC0 used once
6 symbols
344 symbols in table
